[ 2016-01-14T18:39:33+08:00 ] ERR: (ThinkException) 无法加载模块:Index
[ 2016-01-14T18:43:14+08:00 ] ERR: (ThinkException) Model:getSubMenu您所请求的方法不存在！
[ 2016-01-14T18:43:14+08:00 ] ERR: (ThinkException) Model:getSubMenu您所请求的方法不存在！
[ 2016-01-14T18:43:15+08:00 ] ERR: (ThinkException) Model:getSubMenu您所请求的方法不存在！
[ 2016-01-14T18:43:15+08:00 ] ERR: (ThinkException) Model:getSubMenu您所请求的方法不存在！
[ 2016-01-14T18:43:15+08:00 ] ERR: (ThinkException) Model:getSubMenu您所请求的方法不存在！
[ 2016-01-14T18:44:12+08:00 ] ERR: (ThinkException) Action:head您所请求的方法不存在！
[ 2016-01-14T18:44:13+08:00 ] ERR: (ThinkException) Action:head您所请求的方法不存在！
[ 2016-01-14T18:44:13+08:00 ] ERR: (ThinkException) Action:head您所请求的方法不存在！
[ 2016-01-14T18:44:13+08:00 ] ERR: (ThinkException) Action:head您所请求的方法不存在！
[ 2016-01-14T18:44:13+08:00 ] ERR: (ThinkException) Action:head您所请求的方法不存在！
[ 2016-01-14T18:44:13+08:00 ] ERR: (ThinkException) Action:head您所请求的方法不存在！
[ 2016-01-14T18:44:29+08:00 ] ERR: (ThinkException) Action:arcList您所请求的方法不存在！
[ 2016-01-14T18:44:30+08:00 ] ERR: (ThinkException) Action:arcList您所请求的方法不存在！
[ 2016-01-14T18:44:30+08:00 ] ERR: (ThinkException) Action:arcList您所请求的方法不存在！
[ 2016-01-14T18:44:30+08:00 ] ERR: (ThinkException) Action:arcList您所请求的方法不存在！
[ 2016-01-14T18:44:30+08:00 ] ERR: (ThinkException) Action:arcList您所请求的方法不存在！
[ 2016-01-14T18:44:39+08:00 ] ERR: (ThinkException) 模板不存在[./Home/Tpl/default/Index/index.htm]
[ 2016-01-14T18:47:09+08:00 ] ERR: (ThinkException) 非法操作:getarticle
[ 2016-01-14T18:47:09+08:00 ] ERR: (ThinkException) 非法操作:getarticle
[ 2016-01-14T18:47:10+08:00 ] ERR: (ThinkException) 非法操作:getarticle
[ 2016-01-14T18:47:10+08:00 ] ERR: (ThinkException) 非法操作:getarticle
[ 2016-01-14T18:47:15+08:00 ] ERR: (ThinkException) 非法操作:getarticle
[ 2016-01-14T18:47:15+08:00 ] ERR: (ThinkException) 非法操作:getarticle
[ 2016-01-14T20:10:39+08:00 ] ERR: (ThinkException) 模板不存在[./Home/Tpl/default/Index/index.htm]
[ 2016-01-14T20:11:17+08:00 ] ERR: (ThinkException) 无法加载模块:Assets
[ 2016-01-14T20:11:17+08:00 ] ERR: (ThinkException) 无法加载模块:Assets
[ 2016-01-14T20:11:17+08:00 ] ERR: (ThinkException) 无法加载模块:Assets
[ 2016-01-14T20:11:17+08:00 ] ERR: (ThinkException) 无法加载模块:Assets
[ 2016-01-14T20:11:17+08:00 ] ERR: (ThinkException) 无法加载模块:Assets
[ 2016-01-14T20:11:17+08:00 ] ERR: (ThinkException) 无法加载模块:Assets
[ 2016-01-14T20:11:17+08:00 ] ERR: (ThinkException) 无法加载模块:Assets
[ 2016-01-14T20:11:17+08:00 ] ERR: (ThinkException) 无法加载模块:Assets
[ 2016-01-14T20:11:17+08:00 ] ERR: (ThinkException) 无法加载模块:Assets
[ 2016-01-14T20:11:17+08:00 ] ERR: (ThinkException) 无法加载模块:Assets
[ 2016-01-14T20:11:17+08:00 ] ERR: (ThinkException) 无法加载模块:Assets
[ 2016-01-14T20:11:17+08:00 ] ERR: (ThinkException) 无法加载模块:Favicon.ico
[ 2016-01-14T20:18:18+08:00 ] ERR: (ThinkException) 无法加载模块:Assets
[ 2016-01-14T20:18:18+08:00 ] ERR: (ThinkException) 无法加载模块:Assets
[ 2016-01-14T20:18:18+08:00 ] ERR: (ThinkException) 无法加载模块:Assets
[ 2016-01-14T20:18:18+08:00 ] ERR: (ThinkException) 无法加载模块:Assets
[ 2016-01-14T20:18:18+08:00 ] ERR: (ThinkException) 无法加载模块:Assets
[ 2016-01-14T20:18:18+08:00 ] ERR: (ThinkException) 无法加载模块:Assets
[ 2016-01-14T20:18:18+08:00 ] ERR: (ThinkException) 无法加载模块:Favicon.ico
[ 2016-01-14T20:19:10+08:00 ] ERR: (ThinkException) 无法加载模块:Assets
[ 2016-01-14T20:19:13+08:00 ] ERR: (ThinkException) 无法加载模块:Assets
[ 2016-01-14T20:19:14+08:00 ] ERR: (ThinkException) 无法加载模块:Favicon.ico
[ 2016-01-14T20:19:16+08:00 ] ERR: (ThinkException) 无法加载模块:Assets
[ 2016-01-14T20:19:16+08:00 ] ERR: (ThinkException) 无法加载模块:Favicon.ico
[ 2016-01-14T20:20:11+08:00 ] ERR: (ThinkException) 无法加载模块:Assets
[ 2016-01-14T20:20:11+08:00 ] ERR: (ThinkException) 无法加载模块:Favicon.ico
[ 2016-01-14T20:23:21+08:00 ] ERR: (ThinkException) 无法加载模块:Assets
[ 2016-01-14T20:23:22+08:00 ] ERR: (ThinkException) 无法加载模块:Favicon.ico
[ 2016-01-14T20:23:22+08:00 ] ERR: (ThinkException) 无法加载模块:Assets
[ 2016-01-14T20:23:23+08:00 ] ERR: (ThinkException) 无法加载模块:Favicon.ico
[ 2016-01-14T20:23:23+08:00 ] ERR: (ThinkException) 无法加载模块:Assets
[ 2016-01-14T20:23:23+08:00 ] ERR: (ThinkException) 无法加载模块:Favicon.ico
[ 2016-01-14T20:23:23+08:00 ] ERR: (ThinkException) 无法加载模块:Assets
[ 2016-01-14T20:23:23+08:00 ] ERR: (ThinkException) 无法加载模块:Favicon.ico
[ 2016-01-14T20:23:23+08:00 ] ERR: (ThinkException) 无法加载模块:Assets
[ 2016-01-14T20:23:23+08:00 ] ERR: (ThinkException) 无法加载模块:Assets
[ 2016-01-14T20:23:23+08:00 ] ERR: (ThinkException) 无法加载模块:Favicon.ico
[ 2016-01-14T20:25:23+08:00 ] ERR: (ThinkException) 无法加载模块:Assets
[ 2016-01-14T20:25:35+08:00 ] ERR: (ThinkException) 无法加载模块:Assets
[ 2016-01-14T20:25:46+08:00 ] ERR: (ThinkException) 无法加载模块:Favicon.ico
[ 2016-01-14T20:28:36+08:00 ] ERR: (ThinkException) 无法加载模块:Favicon.ico
[ 2016-01-14T20:42:29+08:00 ] ERR: (ThinkException) 无法加载模块:Favicon.ico
[ 2016-01-14T20:54:48+08:00 ] ERR: (ThinkException) 无法加载模块:Favicon.ico
[ 2016-01-14T21:10:08+08:00 ] ERR: (ThinkException) 无法加载模块:Favicon.ico
[ 2016-01-14T21:10:43+08:00 ] ERR: (ThinkException) 无法加载模块:Favicon.ico
[ 2016-01-14T21:11:01+08:00 ] ERR: (ThinkException) 无法加载模块:Favicon.ico
[ 2016-01-14T21:16:32+08:00 ] ERR: (ThinkException) 无法加载模块:Favicon.ico
[ 2016-01-14T21:20:59+08:00 ] ERR: (ThinkException) 无法加载模块:Favicon.ico
[ 2016-01-14T21:21:07+08:00 ] ERR: (ThinkException) 无法加载模块:Favicon.ico
[ 2016-01-14T21:35:54+08:00 ] ERR: (ThinkException) 无法加载模块:Favicon.ico
[ 2016-01-14T21:37:02+08:00 ] ERR: (ThinkException) 无法加载模块:Favicon.ico
[ 2016-01-14T21:39:46+08:00 ] ERR: (ThinkException) 无法加载模块:Favicon.ico
[ 2016-01-14T21:41:11+08:00 ] ERR: (ThinkException) 无法加载模块:Favicon.ico
[ 2016-01-14T21:41:59+08:00 ] ERR: (ThinkException) 无法加载模块:Favicon.ico
[ 2016-01-14T21:43:28+08:00 ] ERR: (ThinkException) 无法加载模块:Favicon.ico
[ 2016-01-14T21:48:48+08:00 ] ERR: (ThinkException) 无法加载模块:Favicon.ico
[ 2016-01-14T21:56:48+08:00 ] ERR: (ThinkException) 无法加载模块:Favicon.ico
[ 2016-01-14T21:56:50+08:00 ] ERR: (ThinkException) 无法加载模块:Favicon.ico
[ 2016-01-14T21:56:57+08:00 ] ERR: (ThinkException) 无法加载模块:Favicon.ico
[ 2016-01-14T21:56:59+08:00 ] ERR: (ThinkException) 无法加载模块:Favicon.ico
[ 2016-01-14T21:57:00+08:00 ] ERR: (ThinkException) 无法加载模块:Favicon.ico
[ 2016-01-14T21:57:01+08:00 ] ERR: (ThinkException) 无法加载模块:Favicon.ico
[ 2016-01-14T21:57:06+08:00 ] ERR: (ThinkException) 无法加载模块:Favicon.ico
[ 2016-01-14T21:58:40+08:00 ] ERR: (ThinkException) 无法加载模块:Favicon.ico
[ 2016-01-14T21:58:40+08:00 ] ERR: (ThinkException) 无法加载模块:Favicon.ico
[ 2016-01-14T21:58:40+08:00 ] ERR: (ThinkException) 无法加载模块:Favicon.ico
[ 2016-01-14T21:58:40+08:00 ] ERR: (ThinkException) 无法加载模块:Favicon.ico
[ 2016-01-14T21:58:40+08:00 ] ERR: (ThinkException) 无法加载模块:Favicon.ico
[ 2016-01-14T21:58:40+08:00 ] ERR: (ThinkException) 无法加载模块:Favicon.ico
[ 2016-01-14T21:58:40+08:00 ] ERR: (ThinkException) 无法加载模块:Favicon.ico
[ 2016-01-14T21:58:40+08:00 ] ERR: (ThinkException) 无法加载模块:Favicon.ico
[ 2016-01-14T21:58:48+08:00 ] ERR: (ThinkException) 无法加载模块:Favicon.ico
[ 2016-01-14T21:59:16+08:00 ] ERR: (ThinkException) 无法加载模块:Favicon.ico
[ 2016-01-14T22:44:17+08:00 ] ERR: (ThinkException) 无法加载模块:Favicon.ico
[ 2016-01-14T22:45:44+08:00 ] ERR: (ThinkException) 无法加载模块:Favicon.ico
[ 2016-01-14T22:47:05+08:00 ] ERR: (ThinkException) 无法加载模块:Favicon.ico
[ 2016-01-14T22:47:25+08:00 ] ERR: (ThinkException) 无法加载模块:Favicon.ico
[ 2016-01-14T22:48:33+08:00 ] ERR: (ThinkException) 无法加载模块:Favicon.ico
[ 2016-01-14T22:49:52+08:00 ] ERR: (ThinkException) 无法加载模块:Favicon.ico
[ 2016-01-14T22:50:13+08:00 ] ERR: (ThinkException) 无法加载模块:Favicon.ico
[ 2016-01-14T22:50:41+08:00 ] ERR: (ThinkException) 无法加载模块:Favicon.ico
[ 2016-01-14T22:53:54+08:00 ] ERR: (ThinkException) 无法加载模块:Favicon.ico
[ 2016-01-14T22:54:18+08:00 ] ERR: (ThinkException) 无法加载模块:Favicon.ico
[ 2016-01-14T22:57:13+08:00 ] ERR: (ThinkException) 无法加载模块:Favicon.ico
[ 2016-01-14T22:57:54+08:00 ] ERR: (ThinkException) 无法加载模块:Favicon.ico
[ 2016-01-14T22:58:11+08:00 ] ERR: (ThinkException) 无法加载模块:Favicon.ico
[ 2016-01-14T22:59:18+08:00 ] ERR: (ThinkException) 无法加载模块:Favicon.ico
[ 2016-01-14T23:01:10+08:00 ] ERR: (ThinkException) 无法加载模块:Favicon.ico
[ 2016-01-14T23:05:19+08:00 ] ERR: (ThinkException) 无法加载模块:Favicon.ico
[ 2016-01-14T23:06:16+08:00 ] ERR: (ThinkException) 无法加载模块:Favicon.ico
[ 2016-01-14T23:06:41+08:00 ] ERR: (ThinkException) 无法加载模块:Favicon.ico
[ 2016-01-14T23:08:02+08:00 ] ERR: (ThinkException) 无法加载模块:Favicon.ico
[ 2016-01-14T23:08:32+08:00 ] ERR: (ThinkException) 无法加载模块:Favicon.ico
[ 2016-01-14T23:09:09+08:00 ] ERR: (ThinkException) 无法加载模块:Favicon.ico
[ 2016-01-14T23:10:12+08:00 ] ERR: (ThinkException) 无法加载模块:Favicon.ico
[ 2016-01-14T23:10:59+08:00 ] ERR: (ThinkException) 无法加载模块:Favicon.ico
[ 2016-01-14T23:18:13+08:00 ] ERR: (ThinkException) 无法加载模块:Favicon.ico
[ 2016-01-14T23:22:32+08:00 ] ERR: (ThinkException) 无法加载模块:Favicon.ico
